0 info it worked if it ends with ok
1 verbose cli [ '/usr/local/bin/node', '/usr/local/bin/npm', 'start' ]
2 info using npm@3.10.8
3 info using node@v7.0.0
4 verbose run-script [ 'prestart', 'start', 'poststart' ]
5 info lifecycle inftalk-client@1.0.0~prestart: inftalk-client@1.0.0
6 silly lifecycle inftalk-client@1.0.0~prestart: no script for prestart, continuing
7 info lifecycle inftalk-client@1.0.0~start: inftalk-client@1.0.0
8 verbose lifecycle inftalk-client@1.0.0~start: unsafe-perm in lifecycle true
9 verbose lifecycle inftalk-client@1.0.0~start: PATH: /usr/local/lib/node_modules/npm/bin/node-gyp-bin:/home/h5/inftalk/client/node_modules/.bin:/home/h5/bin:/home/h5/.local/bin:/usr/local/sbin:/usr/local/bin:/usr/sbin:/usr/bin:/sbin:/bin:/usr/games:/usr/local/games:/usr/lib/jvm/java-8-oracle/bin:/usr/lib/jvm/java-8-oracle/db/bin:/usr/lib/jvm/java-8-oracle/jre/bin:/home/h5/zscan:/home/h5/zscan/galen:/home/h5/.meteor/packages/meteor-tool/.1.5.0.1atpi76++os.linux.x86_64+web.browser+web.cordova/mt-os.linux.x86_64/dev_bundle/bin:/home/h5/.meteor/packages/meteor-tool/.1.5.0.1atpi76++os.linux.x86_64+web.browser+web.cordova/mt-os.linux.x86_64/dev_bundle/mongodb/bin
10 verbose lifecycle inftalk-client@1.0.0~start: CWD: /home/h5/inftalk/client
11 silly lifecycle inftalk-client@1.0.0~start: Args: [ '-c', 'node server/server-client.js' ]
12 silly lifecycle inftalk-client@1.0.0~start: Returned: code: 1  signal: null
13 info lifecycle inftalk-client@1.0.0~start: Failed to exec start script
14 verbose stack Error: inftalk-client@1.0.0 start: `node server/server-client.js`
14 verbose stack Exit status 1
14 verbose stack     at EventEmitter.<anonymous> (/usr/local/lib/node_modules/npm/lib/utils/lifecycle.js:255:16)
14 verbose stack     at emitTwo (events.js:106:13)
14 verbose stack     at EventEmitter.emit (events.js:191:7)
14 verbose stack     at ChildProcess.<anonymous> (/usr/local/lib/node_modules/npm/lib/utils/spawn.js:40:14)
14 verbose stack     at emitTwo (events.js:106:13)
14 verbose stack     at ChildProcess.emit (events.js:191:7)
14 verbose stack     at maybeClose (internal/child_process.js:877:16)
14 verbose stack     at Process.ChildProcess._handle.onexit (internal/child_process.js:226:5)
15 verbose pkgid inftalk-client@1.0.0
16 verbose cwd /home/h5/inftalk/client
17 error Linux 4.4.0-87-generic
18 error argv "/usr/local/bin/node" "/usr/local/bin/npm" "start"
19 error node v7.0.0
20 error npm  v3.10.8
21 error code ELIFECYCLE
22 error inftalk-client@1.0.0 start: `node server/server-client.js`
22 error Exit status 1
23 error Failed at the inftalk-client@1.0.0 start script 'node server/server-client.js'.
23 error Make sure you have the latest version of node.js and npm installed.
23 error If you do, this is most likely a problem with the inftalk-client package,
23 error not with npm itself.
23 error Tell the author that this fails on your system:
23 error     node server/server-client.js
23 error You can get information on how to open an issue for this project with:
23 error     npm bugs inftalk-client
23 error Or if that isn't available, you can get their info via:
23 error     npm owner ls inftalk-client
23 error There is likely additional logging output above.
24 verbose exit [ 1, true ]
